<?xml version="1.0" encoding="UTF-8"?>
<testng-results ignored="0" total="4" passed="4" failed="0" skipped="0">
  <reporter-output>
  </reporter-output>
  <suite started-at="2024-11-04T18:22:46 IST" name="Master Suite" finished-at="2024-11-04T18:23:18 IST" duration-ms="32048">
    <groups>
      <group name="Master">
        <method signature="TC001_Account_Registration_Test.verifyAccountRegistration()[pri:0, instance:testCases.TC001_Account_Registration_Test@2c1156a7]" name="verifyAccountRegistration" class="testCases.TC001_Account_Registration_Test"/>
        <method signature="TC002_Login_Test.verifyLogin()[pri:0, instance:testCases.TC002_Login_Test@512535ff]" name="verifyLogin" class="testCases.TC002_Login_Test"/>
        <method signature="TC001_Account_Registration_Test.verifyAccountRegistration()[pri:0, instance:testCases.TC001_Account_Registration_Test@130dca52]" name="verifyAccountRegistration" class="testCases.TC001_Account_Registration_Test"/>
        <method signature="TC002_Login_Test.verifyLogin()[pri:0, instance:testCases.TC002_Login_Test@2654635]" name="verifyLogin" class="testCases.TC002_Login_Test"/>
      </group> <!-- Master -->
      <group name="Sanity">
        <method signature="TC002_Login_Test.verifyLogin()[pri:0, instance:testCases.TC002_Login_Test@512535ff]" name="verifyLogin" class="testCases.TC002_Login_Test"/>
        <method signature="TC002_Login_Test.verifyLogin()[pri:0, instance:testCases.TC002_Login_Test@2654635]" name="verifyLogin" class="testCases.TC002_Login_Test"/>
      </group> <!-- Sanity -->
      <group name="Regression">
        <method signature="TC001_Account_Registration_Test.verifyAccountRegistration()[pri:0, instance:testCases.TC001_Account_Registration_Test@2c1156a7]" name="verifyAccountRegistration" class="testCases.TC001_Account_Registration_Test"/>
        <method signature="TC001_Account_Registration_Test.verifyAccountRegistration()[pri:0, instance:testCases.TC001_Account_Registration_Test@130dca52]" name="verifyAccountRegistration" class="testCases.TC001_Account_Registration_Test"/>
      </group> <!-- Regression -->
    </groups>
    <test started-at="2024-11-04T18:22:46 IST" name="Test" finished-at="2024-11-04T18:22:58 IST" duration-ms="12228">
      <class name="testCases.TC001_Account_Registration_Test">
        <test-method is-config="true" signature="setUp(java.lang.String,java.lang.String)[pri:0, instance:testCases.TC001_Account_Registration_Test@2c1156a7]" started-at="2024-11-04T18:22:46 IST" name="setUp" finished-at="2024-11-04T18:22:50 IST" duration-ms="3759" status="PASS">
          <params>
            <param index="0">
              <value>
                <![CDATA[linux]]>
              </value>
            </param>
            <param index="1">
              <value>
                <![CDATA[chrome]]>
              </value>
            </param>
          </params>
          <reporter-output>
          </reporter-output>
        </test-method> <!-- setUp -->
        <test-method signature="verifyAccountRegistration()[pri:0, instance:testCases.TC001_Account_Registration_Test@2c1156a7]" started-at="2024-11-04T18:22:50 IST" name="verifyAccountRegistration" finished-at="2024-11-04T18:22:54 IST" duration-ms="3933" status="PASS">
          <reporter-output>
          </reporter-output>
        </test-method> <!-- verifyAccountRegistration -->
        <test-method is-config="true" signature="tearDown()[pri:0, instance:testCases.TC001_Account_Registration_Test@2c1156a7]" started-at="2024-11-04T18:22:54 IST" name="tearDown" finished-at="2024-11-04T18:22:54 IST" duration-ms="117" status="PASS">
          <reporter-output>
          </reporter-output>
        </test-method> <!-- tearDown -->
      </class> <!-- testCases.TC001_Account_Registration_Test -->
      <class name="testCases.TC002_Login_Test">
        <test-method is-config="true" signature="setUp(java.lang.String,java.lang.String)[pri:0, instance:testCases.TC002_Login_Test@512535ff]" started-at="2024-11-04T18:22:54 IST" name="setUp" finished-at="2024-11-04T18:22:57 IST" duration-ms="2433" status="PASS">
          <params>
            <param index="0">
              <value>
                <![CDATA[linux]]>
              </value>
            </param>
            <param index="1">
              <value>
                <![CDATA[chrome]]>
              </value>
            </param>
          </params>
          <reporter-output>
          </reporter-output>
        </test-method> <!-- setUp -->
        <test-method signature="verifyLogin()[pri:0, instance:testCases.TC002_Login_Test@512535ff]" started-at="2024-11-04T18:22:57 IST" name="verifyLogin" finished-at="2024-11-04T18:22:58 IST" duration-ms="1566" status="PASS">
          <reporter-output>
          </reporter-output>
        </test-method> <!-- verifyLogin -->
        <test-method is-config="true" signature="tearDown()[pri:0, instance:testCases.TC002_Login_Test@512535ff]" started-at="2024-11-04T18:22:58 IST" name="tearDown" finished-at="2024-11-04T18:22:58 IST" duration-ms="82" status="PASS">
          <reporter-output>
          </reporter-output>
        </test-method> <!-- tearDown -->
      </class> <!-- testCases.TC002_Login_Test -->
    </test> <!-- Test -->
    <test started-at="2024-11-04T18:23:00 IST" name="Testfirefox" finished-at="2024-11-04T18:23:18 IST" duration-ms="18080">
      <class name="testCases.TC001_Account_Registration_Test">
        <test-method is-config="true" signature="setUp(java.lang.String,java.lang.String)[pri:0, instance:testCases.TC001_Account_Registration_Test@130dca52]" started-at="2024-11-04T18:23:00 IST" name="setUp" finished-at="2024-11-04T18:23:07 IST" duration-ms="7027" status="PASS">
          <params>
            <param index="0">
              <value>
                <![CDATA[linux]]>
              </value>
            </param>
            <param index="1">
              <value>
                <![CDATA[firefox]]>
              </value>
            </param>
          </params>
          <reporter-output>
          </reporter-output>
        </test-method> <!-- setUp -->
        <test-method signature="verifyAccountRegistration()[pri:0, instance:testCases.TC001_Account_Registration_Test@130dca52]" started-at="2024-11-04T18:23:07 IST" name="verifyAccountRegistration" finished-at="2024-11-04T18:23:10 IST" duration-ms="2551" status="PASS">
          <reporter-output>
          </reporter-output>
        </test-method> <!-- verifyAccountRegistration -->
        <test-method is-config="true" signature="tearDown()[pri:0, instance:testCases.TC001_Account_Registration_Test@130dca52]" started-at="2024-11-04T18:23:10 IST" name="tearDown" finished-at="2024-11-04T18:23:11 IST" duration-ms="970" status="PASS">
          <reporter-output>
          </reporter-output>
        </test-method> <!-- tearDown -->
      </class> <!-- testCases.TC001_Account_Registration_Test -->
      <class name="testCases.TC002_Login_Test">
        <test-method is-config="true" signature="setUp(java.lang.String,java.lang.String)[pri:0, instance:testCases.TC002_Login_Test@2654635]" started-at="2024-11-04T18:23:11 IST" name="setUp" finished-at="2024-11-04T18:23:16 IST" duration-ms="5155" status="PASS">
          <params>
            <param index="0">
              <value>
                <![CDATA[linux]]>
              </value>
            </param>
            <param index="1">
              <value>
                <![CDATA[firefox]]>
              </value>
            </param>
          </params>
          <reporter-output>
          </reporter-output>
        </test-method> <!-- setUp -->
        <test-method signature="verifyLogin()[pri:0, instance:testCases.TC002_Login_Test@2654635]" started-at="2024-11-04T18:23:16 IST" name="verifyLogin" finished-at="2024-11-04T18:23:17 IST" duration-ms="1512" status="PASS">
          <reporter-output>
          </reporter-output>
        </test-method> <!-- verifyLogin -->
        <test-method is-config="true" signature="tearDown()[pri:0, instance:testCases.TC002_Login_Test@2654635]" started-at="2024-11-04T18:23:17 IST" name="tearDown" finished-at="2024-11-04T18:23:18 IST" duration-ms="852" status="PASS">
          <reporter-output>
          </reporter-output>
        </test-method> <!-- tearDown -->
      </class> <!-- testCases.TC002_Login_Test -->
    </test> <!-- Testfirefox -->
  </suite> <!-- Master Suite -->
</testng-results>
